<?xml version="1.0" encoding="UTF-8"?>
<!-- Generated by org.testng.reporters.JUnitReportReporter -->
<testsuite skipped="0" hostname="LAPTOP-02EF66VJ" name="runner.ProductStorePageRunner" tests="5" failures="1" timestamp="2023-03-27T10:30:18 IST" time="74.251" errors="0">
  <testcase name="runScenario" time="16.048" classname="runner.ProductStorePageRunner"/>
  <system-out/>
  <testcase name="runScenario" time="20.955" classname="runner.ProductStorePageRunner">
    <failure type="java.lang.AssertionError" message="expected [true] but found [false]">
      <![CDATA[java.lang.AssertionError: expected [true] but found [false]
at org.testng.Assert.fail(Assert.java:110)
at org.testng.Assert.failNotEquals(Assert.java:1413)
at org.testng.Assert.assertTrue(Assert.java:56)
at org.testng.Assert.assertTrue(Assert.java:66)
at stepDefinition.ProductStorestepdef.items_must_be_added_to_cart(ProductStorestepdef.java:86)
at âœ½.Items must be added to cart(file:///E:/workspace/SDETTrainingWS/miniCaseStudyBDD/src/test/resources/features/ProductStorePage.feature:10)
]]>
    </failure>
  </testcase> <!-- runScenario -->
  <system-out/>
  <testcase name="runScenario" time="3.818" classname="runner.ProductStorePageRunner"/>
  <system-out/>
  <testcase name="runScenario" time="21.925" classname="runner.ProductStorePageRunner"/>
  <system-out/>
  <testcase name="runScenario" time="11.505" classname="runner.ProductStorePageRunner"/>
  <system-out/>
</testsuite> <!-- runner.ProductStorePageRunner -->
