<html>
<head>
<title>TestNG:  ProductStorePageTest</title>
<link href="../testng.css" rel="stylesheet" type="text/css" />
<link href="../my-testng.css" rel="stylesheet" type="text/css" />

<style type="text/css">
.log { display: none;} 
.stack-trace { display: none;} 
</style>
<script type="text/javascript">
<!--
function flip(e) {
  current = e.style.display;
  if (current == 'block') {
    e.style.display = 'none';
    return 0;
  }
  else {
    e.style.display = 'block';
    return 1;
  }
}

function toggleBox(szDivId, elem, msg1, msg2)
{
  var res = -1;  if (document.getElementById) {
    res = flip(document.getElementById(szDivId));
  }
  else if (document.all) {
    // this is the way old msie versions work
    res = flip(document.all[szDivId]);
  }
  if(elem) {
    if(res == 0) elem.innerHTML = msg1; else elem.innerHTML = msg2;
  }

}

function toggleAllBoxes() {
  if (document.getElementsByTagName) {
    d = document.getElementsByTagName('div');
    for (i = 0; i < d.length; i++) {
      if (d[i].className == 'log') {
        flip(d[i]);
      }
    }
  }
}

// -->
</script>

</head>
<body>
<h2 align='center'>ProductStorePageTest</h2><table border='1' align="center">
<tr>
<td>Tests passed/Failed/Skipped:</td><td>4/1/0</td>
</tr><tr>
<td>Started on:</td><td>Mon Mar 27 10:27:39 IST 2023</td>
</tr>
<tr><td>Total time:</td><td>158 seconds (158717 ms)</td>
</tr><tr>
<td>Included groups:</td><td></td>
</tr><tr>
<td>Excluded groups:</td><td></td>
</tr>
</table><p/>
<small><i>(Hover the method name to see the test class name)</i></small><p/>
<table width='100%' border='1' class='invocation-failed'>
<tr><td colspan='4' align='center'><b>FAILED TESTS</b></td></tr>
<tr><td><b>Test method</b></td>
<td width="30%"><b>Exception</b></td>
<td width="10%"><b>Time (seconds)</b></td>
<td><b>Instance</b></td>
</tr>
<tr>
<td title='runner.ProductStorePageRunner.runScenario()'><b>runScenario</b><br>Test class: runner.ProductStorePageRunner<br>Test method: Runs Cucumber Scenarios<br>Parameters: "Add Items To Cart", "Product Store Page Test"</td>
<td><div><pre>java.lang.AssertionError: expected [true] but found [false]
	at stepDefinition.ProductStorestepdef.items_must_be_added_to_cart(ProductStorestepdef.java:86)
	at ✽.Items must be added to cart(file:///E:/workspace/SDETTrainingWS/miniCaseStudyBDD/src/test/resources/features/ProductStorePage.feature:10)
... Removed 4 stack frames</pre></div><a href='#' onClick='toggleBox("stack-trace634991000", this, "Click to show all stack frames", "Click to hide stack frames")'>Click to show all stack frames</a>
<div class='stack-trace' id='stack-trace634991000'><pre>java.lang.AssertionError: expected [true] but found [false]
	at org.testng.Assert.fail(Assert.java:110)
	at org.testng.Assert.failNotEquals(Assert.java:1413)
	at org.testng.Assert.assertTrue(Assert.java:56)
	at org.testng.Assert.assertTrue(Assert.java:66)
	at stepDefinition.ProductStorestepdef.items_must_be_added_to_cart(ProductStorestepdef.java:86)
	at ✽.Items must be added to cart(file:///E:/workspace/SDETTrainingWS/miniCaseStudyBDD/src/test/resources/features/ProductStorePage.feature:10)
</pre></div></td>
<td>20</td>
<td>runner.ProductStorePageRunner@8b87145</td></tr>
</table><p>
<table width='100%' border='1' class='invocation-passed'>
<tr><td colspan='4' align='center'><b>PASSED TESTS</b></td></tr>
<tr><td><b>Test method</b></td>
<td width="30%"><b>Exception</b></td>
<td width="10%"><b>Time (seconds)</b></td>
<td><b>Instance</b></td>
</tr>
<tr>
<td title='runner.ProductStorePageRunner.runScenario()'><b>runScenario</b><br>Test class: runner.ProductStorePageRunner<br>Test method: Runs Cucumber Scenarios<br>Parameters: "Login into App", "Product Store Page Test"</td>
<td></td>
<td>16</td>
<td>runner.ProductStorePageRunner@8b87145</td></tr>
<tr>
<td title='runner.ProductStorePageRunner.runScenario()'><b>runScenario</b><br>Test class: runner.ProductStorePageRunner<br>Test method: Runs Cucumber Scenarios<br>Parameters: "Delete an Item", "Product Store Page Test"</td>
<td></td>
<td>3</td>
<td>runner.ProductStorePageRunner@8b87145</td></tr>
<tr>
<td title='runner.ProductStorePageRunner.runScenario()'><b>runScenario</b><br>Test class: runner.ProductStorePageRunner<br>Test method: Runs Cucumber Scenarios<br>Parameters: "Add Items To Cart", "Product Store Page Test"</td>
<td></td>
<td>21</td>
<td>runner.ProductStorePageRunner@8b87145</td></tr>
<tr>
<td title='runner.ProductStorePageRunner.runScenario()'><b>runScenario</b><br>Test class: runner.ProductStorePageRunner<br>Test method: Runs Cucumber Scenarios<br>Parameters: "Place Order", "Product Store Page Test"</td>
<td></td>
<td>11</td>
<td>runner.ProductStorePageRunner@8b87145</td></tr>
</table><p>
</body>
</html>