<?xml version="1.0" encoding="UTF-8"?>
<!-- Generated by org.testng.reporters.JUnitXMLReporter -->
<testsuite hostname="LAPTOP-02EF66VJ" ignored="0" name="ProductStorePageTest" tests="5" failures="1" timestamp="2023-03-27T10:30:18 IST" time="158.717" errors="0">
  <testcase name="runScenario" time="16.048" classname="io.cucumber.testng.AbstractTestNGCucumberTests"/>
  <testcase name="runScenario" time="21.925" classname="io.cucumber.testng.AbstractTestNGCucumberTests"/>
  <testcase name="runScenario" time="20.955" classname="io.cucumber.testng.AbstractTestNGCucumberTests">
    <failure type="java.lang.AssertionError" message="expected [true] but found [false]">
      <![CDATA[java.lang.AssertionError: expected [true] but found [false]
at stepDefinition.ProductStorestepdef.items_must_be_added_to_cart(ProductStorestepdef.java:86)
at âœ½.Items must be added to cart(file:///E:/workspace/SDETTrainingWS/miniCaseStudyBDD/src/test/resources/features/ProductStorePage.feature:10)
... Removed 4 stack frames]]>
    </failure>
  </testcase> <!-- runScenario -->
  <testcase name="runScenario" time="3.818" classname="io.cucumber.testng.AbstractTestNGCucumberTests"/>
  <testcase name="runScenario" time="11.505" classname="io.cucumber.testng.AbstractTestNGCucumberTests"/>
</testsuite> <!-- ProductStorePageTest -->
